# JRE version: Java(TM) SE Runtime Environment (17.0.10+11) (build 17.0.10+11-LTS-240)
# Java VM: Java HotSpot(TM) 64-Bit Server VM (17.0.10+11-LTS-240, mixed mode, sharing, tiered, compressed oops, compressed class ptrs, g1 gc, windows-amd64)
GC Precious Log:
 CPUs: 8 total, 8 available
 Memory: 16242M
 Large Page Support: Disabled
 NUMA Support: Disabled
 Compressed Oops: Enabled (Zero based)
 Heap Region Size: 2M
 Heap Min Capacity: 8M
 Heap Initial Capacity: 254M
 Heap Max Capacity: 4062M
 Pre-touch: Disabled
 Parallel Workers: 8
 Concurrent Workers: 2
 Concurrent Refinement Workers: 8
 Periodic GC: Disabled
Heap:
 garbage-first heap   total 75776K, used 41796K [0x0000000702200000, 0x0000000800000000)
  region size 2048K, 14 young (28672K), 2 survivors (4096K)
 Metaspace       used 39697K, committed 40192K, reserved 1114112K
  class space    used 4966K, committed 5184K, reserved 1048576K
GC Heap History (16 events):
Event: 1.597 GC heap before
{Heap before GC invocations=0 (full 0):
 garbage-first heap   total 260096K, used 20480K [0x0000000702200000, 0x0000000800000000)
  region size 2048K, 11 young (22528K), 0 survivors (0K)
 Metaspace       used 5485K, committed 5696K, reserved 1114112K
  class space    used 619K, committed 704K, reserved 1048576K
}
Event: 1.605 GC heap after
{Heap after GC invocations=1 (full 0):
 garbage-first heap   total 260096K, used 5611K [0x0000000702200000, 0x0000000800000000)
  region size 2048K, 2 young (4096K), 2 survivors (4096K)
 Metaspace       used 5485K, committed 5696K, reserved 1114112K
  class space    used 619K, committed 704K, reserved 1048576K
}
Event: 3.280 GC heap before
{Heap before GC invocations=1 (full 0):
 garbage-first heap   total 260096K, used 34283K [0x0000000702200000, 0x0000000800000000)
  region size 2048K, 16 young (32768K), 2 survivors (4096K)
 Metaspace       used 12033K, committed 12288K, reserved 1114112K
  class space    used 1477K, committed 1600K, reserved 1048576K
}
Event: 3.287 GC heap after
{Heap after GC invocations=2 (full 0):
 garbage-first heap   total 260096K, used 7666K [0x0000000702200000, 0x0000000800000000)
  region size 2048K, 1 young (2048K), 1 survivors (2048K)
 Metaspace       used 12033K, committed 12288K, reserved 1114112K
  class space    used 1477K, committed 1600K, reserved 1048576K
}
Event: 4.801 GC heap before
{Heap before GC invocations=2 (full 0):
 garbage-first heap   total 260096K, used 60914K [0x0000000702200000, 0x0000000800000000)
  region size 2048K, 29 young (59392K), 1 survivors (2048K)
 Metaspace       used 21240K, committed 21504K, reserved 1114112K
  class space    used 2555K, committed 2688K, reserved 1048576K
}
Event: 4.808 GC heap after
{Heap after GC invocations=3 (full 0):
 garbage-first heap   total 260096K, used 10779K [0x0000000702200000, 0x0000000800000000)
  region size 2048K, 3 young (6144K), 3 survivors (6144K)
 Metaspace       used 21240K, committed 21504K, reserved 1114112K
  class space    used 2555K, committed 2688K, reserved 1048576K
}
Event: 5.568 GC heap before
{Heap before GC invocations=4 (full 0):
 garbage-first heap   total 49152K, used 33307K [0x0000000702200000, 0x0000000800000000)
  region size 2048K, 14 young (28672K), 3 survivors (6144K)
 Metaspace       used 24762K, committed 25024K, reserved 1114112K
  class space    used 3022K, committed 3136K, reserved 1048576K
}
Event: 5.578 GC heap after
{Heap after GC invocations=5 (full 0):
 garbage-first heap   total 49152K, used 12448K [0x0000000702200000, 0x0000000800000000)
  region size 2048K, 1 young (2048K), 1 survivors (2048K)
 Metaspace       used 24762K, committed 25024K, reserved 1114112K
  class space    used 3022K, committed 3136K, reserved 1048576K
}
Event: 5.647 GC heap before
{Heap before GC invocations=5 (full 0):
 garbage-first heap   total 49152K, used 14496K [0x0000000702200000, 0x0000000800000000)
  region size 2048K, 2 young (4096K), 1 survivors (2048K)
 Metaspace       used 25104K, committed 25344K, reserved 1114112K
  class space    used 3060K, committed 3200K, reserved 1048576K
}
Event: 5.652 GC heap after
{Heap after GC invocations=6 (full 0):
 garbage-first heap   total 49152K, used 13416K [0x0000000702200000, 0x0000000800000000)
  region size 2048K, 1 young (2048K), 1 survivors (2048K)
 Metaspace       used 25104K, committed 25344K, reserved 1114112K
  class space    used 3060K, committed 3200K, reserved 1048576K
}
Event: 6.315 GC heap before
{Heap before GC invocations=6 (full 0):
 garbage-first heap   total 49152K, used 29800K [0x0000000702200000, 0x0000000800000000)
  region size 2048K, 9 young (18432K), 1 survivors (2048K)
 Metaspace       used 28779K, committed 29120K, reserved 1114112K
  class space    used 3558K, committed 3712K, reserved 1048576K
}
Event: 6.323 GC heap after
{Heap after GC invocations=7 (full 0):
 garbage-first heap   total 49152K, used 15249K [0x0000000702200000, 0x0000000800000000)
  region size 2048K, 2 young (4096K), 2 survivors (4096K)
 Metaspace       used 28779K, committed 29120K, reserved 1114112K
  class space    used 3558K, committed 3712K, reserved 1048576K
}
Event: 7.107 GC heap before
{Heap before GC invocations=7 (full 0):
 garbage-first heap   total 49152K, used 29585K [0x0000000702200000, 0x0000000800000000)
  region size 2048K, 10 young (20480K), 2 survivors (4096K)
 Metaspace       used 31895K, committed 32320K, reserved 1114112K
  class space    used 3960K, committed 4160K, reserved 1048576K
}
Event: 7.117 GC heap after
{Heap after GC invocations=8 (full 0):
 garbage-first heap   total 155648K, used 16702K [0x0000000702200000, 0x0000000800000000)
  region size 2048K, 1 young (2048K), 1 survivors (2048K)
 Metaspace       used 31895K, committed 32320K, reserved 1114112K
  class space    used 3960K, committed 4160K, reserved 1048576K
}
Event: 8.361 GC heap before
{Heap before GC invocations=8 (full 0):
 garbage-first heap   total 155648K, used 41278K [0x0000000702200000, 0x0000000800000000)
  region size 2048K, 14 young (28672K), 1 survivors (2048K)
 Metaspace       used 35514K, committed 35968K, reserved 1114112K
  class space    used 4450K, committed 4672K, reserved 1048576K
}
Event: 8.367 GC heap after
{Heap after GC invocations=9 (full 0):
 garbage-first heap   total 155648K, used 19268K [0x0000000702200000, 0x0000000800000000)
  region size 2048K, 2 young (4096K), 2 survivors (4096K)
 Metaspace       used 35514K, committed 35968K, reserved 1114112K
  class space    used 4450K, committed 4672K, reserved 1048576K
}

